<?xml version="1.0" encoding="UTF-8"?>
<!-- Generated by org.testng.reporters.JUnitXMLReporter -->
<testsuite ignored="0" hostname="LAPTOP-3S5TFTCH" failures="0" tests="4" name="Default test" time="97.131" errors="0" timestamp="2025-12-29T12:25:22 IST">
  <testcase classname="tests.LoginTest" name="addEmployeeFormTest" time="12.271"/>
  <testcase classname="tests.LoginTest" name="invalidLoginTest" time="3.574"/>
  <testcase classname="tests.LoginTest" name="logoutTest" time="8.516"/>
  <testcase classname="tests.LoginTest" name="validLoginTest" time="5.773"/>
</testsuite> <!-- Default test -->
