<?xml version="1.0" encoding="UTF-8"?>
<!-- Generated by org.testng.reporters.JUnitXMLReporter -->
<testsuite ignored="0" hostname="LAPTOP-3S5TFTCH" failures="0" tests="3" name="Login Tests" time="48.639" errors="0" timestamp="2025-12-28T20:39:18 IST">
  <testcase classname="tests.LoginTest" name="invalidLoginTest" time="2.942"/>
  <testcase classname="tests.LoginTest" name="logoutTest" time="8.733"/>
  <testcase classname="tests.LoginTest" name="validLoginTest" time="5.775"/>
</testsuite> <!-- Login Tests -->
