<?xml version="1.0" encoding="UTF-8"?>
<!-- Generated by org.testng.reporters.JUnitXMLReporter -->
<testsuite ignored="0" hostname="LAPTOP-3S5TFTCH" failures="0" tests="4" name="Login and Form Tests" time="76.202" errors="0" timestamp="2025-12-29T12:30:24 IST">
  <testcase classname="tests.LoginTest" name="addEmployeeFormTest" time="9.435"/>
  <testcase classname="tests.LoginTest" name="invalidLoginTest" time="2.802"/>
  <testcase classname="tests.LoginTest" name="logoutTest" time="11.409"/>
  <testcase classname="tests.LoginTest" name="validLoginTest" time="5.453"/>
</testsuite> <!-- Login and Form Tests -->
