<?xml version="1.0" encoding="UTF-8"?>
<testng-results ignored="0" total="4" passed="4" failed="0" skipped="0">
  <reporter-output>
  </reporter-output>
  <suite started-at="2025-12-29T12:29:08 IST" name="Automation Test Suite" finished-at="2025-12-29T12:30:24 IST" duration-ms="76202">
    <groups>
    </groups>
    <test started-at="2025-12-29T12:29:08 IST" name="Login and Form Tests" finished-at="2025-12-29T12:30:24 IST" duration-ms="76202">
      <class name="tests.LoginTest">
        <test-method is-config="true" signature="setUp()[pri:0, instance:tests.LoginTest@1b11171f]" started-at="2025-12-29T12:29:08 IST" name="setUp" finished-at="2025-12-29T12:29:21 IST" duration-ms="12837" status="PASS">
          <reporter-output>
          </reporter-output>
        </test-method> <!-- setUp -->
        <test-method signature="addEmployeeFormTest()[pri:0, instance:tests.LoginTest@1b11171f]" started-at="2025-12-29T12:29:21 IST" name="addEmployeeFormTest" finished-at="2025-12-29T12:29:30 IST" duration-ms="9435" status="PASS">
          <reporter-output>
          </reporter-output>
        </test-method> <!-- addEmployeeFormTest -->
        <test-method is-config="true" signature="tearDown()[pri:0, instance:tests.LoginTest@1b11171f]" started-at="2025-12-29T12:29:30 IST" name="tearDown" finished-at="2025-12-29T12:29:32 IST" duration-ms="1638" status="PASS">
          <reporter-output>
          </reporter-output>
        </test-method> <!-- tearDown -->
        <test-method is-config="true" signature="setUp()[pri:0, instance:tests.LoginTest@1b11171f]" started-at="2025-12-29T12:29:32 IST" name="setUp" finished-at="2025-12-29T12:29:43 IST" duration-ms="10883" status="PASS">
          <reporter-output>
          </reporter-output>
        </test-method> <!-- setUp -->
        <test-method signature="invalidLoginTest()[pri:0, instance:tests.LoginTest@1b11171f]" started-at="2025-12-29T12:29:43 IST" name="invalidLoginTest" finished-at="2025-12-29T12:29:45 IST" duration-ms="2802" status="PASS">
          <reporter-output>
          </reporter-output>
        </test-method> <!-- invalidLoginTest -->
        <test-method is-config="true" signature="tearDown()[pri:0, instance:tests.LoginTest@1b11171f]" started-at="2025-12-29T12:29:45 IST" name="tearDown" finished-at="2025-12-29T12:29:46 IST" duration-ms="286" status="PASS">
          <reporter-output>
          </reporter-output>
        </test-method> <!-- tearDown -->
        <test-method is-config="true" signature="setUp()[pri:0, instance:tests.LoginTest@1b11171f]" started-at="2025-12-29T12:29:46 IST" name="setUp" finished-at="2025-12-29T12:29:56 IST" duration-ms="10362" status="PASS">
          <reporter-output>
          </reporter-output>
        </test-method> <!-- setUp -->
        <test-method signature="logoutTest()[pri:0, instance:tests.LoginTest@1b11171f]" started-at="2025-12-29T12:29:56 IST" name="logoutTest" finished-at="2025-12-29T12:30:07 IST" duration-ms="11409" status="PASS">
          <reporter-output>
          </reporter-output>
        </test-method> <!-- logoutTest -->
        <test-method is-config="true" signature="tearDown()[pri:0, instance:tests.LoginTest@1b11171f]" started-at="2025-12-29T12:30:07 IST" name="tearDown" finished-at="2025-12-29T12:30:08 IST" duration-ms="199" status="PASS">
          <reporter-output>
          </reporter-output>
        </test-method> <!-- tearDown -->
        <test-method is-config="true" signature="setUp()[pri:0, instance:tests.LoginTest@1b11171f]" started-at="2025-12-29T12:30:08 IST" name="setUp" finished-at="2025-12-29T12:30:18 IST" duration-ms="10256" status="PASS">
          <reporter-output>
          </reporter-output>
        </test-method> <!-- setUp -->
        <test-method signature="validLoginTest()[pri:0, instance:tests.LoginTest@1b11171f]" started-at="2025-12-29T12:30:18 IST" name="validLoginTest" finished-at="2025-12-29T12:30:23 IST" duration-ms="5453" status="PASS">
          <reporter-output>
          </reporter-output>
        </test-method> <!-- validLoginTest -->
        <test-method is-config="true" signature="tearDown()[pri:0, instance:tests.LoginTest@1b11171f]" started-at="2025-12-29T12:30:23 IST" name="tearDown" finished-at="2025-12-29T12:30:24 IST" duration-ms="561" status="PASS">
          <reporter-output>
          </reporter-output>
        </test-method> <!-- tearDown -->
      </class> <!-- tests.LoginTest -->
    </test> <!-- Login and Form Tests -->
  </suite> <!-- Automation Test Suite -->
</testng-results>
