<?xml version="1.0" encoding="UTF-8"?>
<!-- Generated by org.testng.reporters.JUnitReportReporter -->
<testsuite hostname="LAPTOP-3S5TFTCH" failures="0" tests="4" name="tests.LoginTest" time="76.121" errors="0" timestamp="2025-12-29T12:30:24 IST" skipped="0">
  <testcase classname="tests.LoginTest" name="logoutTest" time="22.578"/>
  <testcase classname="tests.LoginTest" name="validLoginTest" time="15.908"/>
  <testcase classname="tests.LoginTest" name="addEmployeeFormTest" time="20.358"/>
  <testcase classname="tests.LoginTest" name="invalidLoginTest" time="17.277"/>
</testsuite> <!-- tests.LoginTest -->
